{"level":"info","message":"info message"}
{"level":"error","message":"info message"}
{"level":"info","message":"info message"}
{"level":"error","message":"info message"}
{"level":"info","message":"info message"}
{"level":"error","message":"info message"}
{"level":"info","message":"info message"}
{"level":"error","message":"info message"}
{"level":"info","message":"info message"}
{"level":"error","message":"info message"}
{"level":"info","message":"info message"}
{"level":"error","message":"info message"}
{"level":"info","message":"info message"}
{"level":"error","message":"info message"}
{"level":"error"}
{"level":"error"}
{"level":"error"}
{"level":"error"}
{"level":"error"}
{"level":"error"}
{"level":"error"}
{"level":"error"}
{"level":"error"}
{"level":"error"}
{"level":"error"}
{"level":"error"}
{"level":"error"}
{"level":"error"}
{"level":"error"}
{"level":"error"}
{"level":"error"}
{"level":"error"}
{"level":"error"}
{"level":"error"}
{"level":"error"}
{"level":"error"}
{"level":"error"}
{"level":"error"}
{"level":"error"}
{"level":"error"}
{"level":"error"}
{"level":"error"}
{"level":"error"}
{"level":"error"}
{"level":"error"}
{"level":"error"}
{"level":"error"}
{"level":"error"}
{"level":"error"}
{"level":"error"}
{"level":"error"}
{"level":"error"}
{"level":"error"}
{"level":"error"}
{"level":"error"}
{"level":"error"}
{"level":"error"}
{"level":"error"}
{"level":"error"}
{"level":"error"}
{"level":"error"}
{"level":"error"}
{"level":"error"}
{"level":"error"}
{"level":"error"}
{"level":"error"}
{"level":"error"}
{"level":"error"}
{"level":"error"}
{"level":"error"}
{"level":"error"}
{"level":"error"}
{"level":"error"}
{"level":"error"}
{"level":"error"}
{"level":"error"}
{"level":"error"}
{"level":"error"}
{"level":"error"}
{"level":"error"}
{"level":"error"}
{"level":"error"}
{"level":"error"}
{"level":"error"}
{"level":"error"}
{"level":"error"}
{"level":"error"}
{"level":"error"}
{"level":"error"}
{"level":"error"}
{"level":"error"}
{"level":"error"}
{"level":"error"}
{"level":"error"}
{"level":"error"}
{"level":"error"}
{"level":"error"}
{"level":"error"}
{"level":"error"}
{"level":"error"}
{"level":"error"}
{"level":"error"}
{"level":"error"}
{"level":"error"}
{"level":"error"}
{"level":"error"}
{"level":"error"}
{"level":"error"}
{"level":"error"}
{"level":"error"}
{"level":"error"}
{"level":"error"}
{"level":"error"}
{"level":"error"}
{"level":"error"}
{"level":"error"}
{"level":"error"}
{"level":"error"}
{"level":"error"}
{"level":"error"}
{"level":"error"}
{"level":"error"}
{"level":"error"}
{"level":"error"}
{"level":"error"}
{"level":"error"}
{"level":"error"}
{"level":"error"}
{"level":"error"}
{"level":"error"}
{"level":"error"}
{"level":"error"}
{"level":"error"}
{"level":"error"}
{"level":"error"}
{"level":"error"}
{"level":"error"}
{"level":"error"}
{"level":"error"}
{"level":"error"}
{"level":"error"}
{"level":"error"}
{"level":"error"}
{"level":"error"}
{"level":"error"}
{"level":"error"}
{"level":"error"}
{"level":"error"}
{"level":"error"}
{"level":"error"}
{"level":"error"}
{"level":"error"}
{"level":"error"}
{"level":"error"}
{"level":"error"}
{"level":"error"}
{"level":"error"}
{"level":"error"}
{"level":"error"}
{"level":"error"}
{"level":"error"}
{"level":"error"}
{"level":"error"}
{"level":"error"}
{"level":"error"}
{"level":"error"}
{"level":"error"}
{"level":"error"}
{"level":"error"}
{"level":"error"}
{"level":"error"}
{"level":"error"}
{"level":"error"}
{"level":"error"}
{"level":"error"}
{"level":"error"}
{"level":"error"}
{"level":"error"}
{"level":"error"}
{"level":"error"}
{"level":"error"}
{"level":"error"}
{"level":"error"}
{"level":"error"}
{"level":"error"}
{"level":"error"}
{"level":"error"}
{"level":"error"}
{"level":"error"}
{"level":"error"}
{"level":"error"}
{"level":"error"}
{"level":"error"}
{"level":"error"}
{"level":"error"}
{"level":"error"}
{"level":"error"}
{"level":"error"}
{"level":"error"}
{"level":"error"}
{"level":"error"}
{"level":"error"}
{"level":"error"}
{"level":"error"}
{"level":"error"}
{"level":"error"}
{"level":"error"}
{"level":"error"}
{"level":"error"}
{"level":"error"}
{"level":"error"}
{"level":"error"}
{"level":"error"}
{"level":"error"}
{"level":"error"}
{"level":"error"}
{"level":"error"}
{"level":"error"}
{"level":"error"}
{"level":"error"}
{"level":"error"}
{"level":"error"}
{"level":"error"}
{"level":"error"}
{"level":"error"}
{"level":"error"}
{"level":"error"}
{"level":"error"}
{"level":"error"}
{"level":"error"}
{"level":"error"}
{"level":"error"}
{"level":"error"}
{"level":"error"}
{"level":"error"}
{"level":"error"}
{"level":"error"}
{"level":"error"}
{"level":"error"}
{"level":"error"}
{"level":"error"}
{"level":"error"}
{"level":"error"}
{"level":"error"}
{"level":"error"}
{"level":"error"}
{"level":"error"}
{"level":"error"}
{"level":"error"}
{"level":"error"}
{"level":"error"}
{"level":"error"}
{"level":"error"}
{"level":"error"}
{"level":"error"}
{"level":"error"}
{"level":"error"}
{"level":"error"}
{"level":"error"}
{"level":"error"}
{"level":"error"}
{"level":"error"}
{"level":"error"}
{"level":"error"}
{"level":"error"}
{"level":"error"}
{"level":"error"}
{"level":"error"}
{"level":"error"}
{"level":"error"}
{"level":"error"}
{"level":"error"}
{"level":"error"}
{"level":"error"}
{"level":"error"}
{"level":"error"}
{"level":"error"}
{"level":"error"}
{"level":"error"}
{"level":"error"}
{"level":"error"}
{"level":"error"}
{"level":"error"}
{"level":"error"}
{"level":"error"}
{"level":"error"}
{"level":"error"}
{"level":"error"}
{"level":"error"}
{"level":"error"}
{"level":"error"}
{"level":"error"}
{"level":"error"}
{"level":"error"}
{"level":"error"}
{"level":"error"}
{"level":"error"}
{"level":"error"}
{"level":"error"}
{"level":"error"}
{"level":"error"}
{"level":"error"}
{"level":"error"}
{"level":"error"}
{"level":"error"}
{"level":"error"}
{"level":"error"}
{"level":"error"}
{"level":"error"}
{"level":"error"}
{"level":"error"}
{"level":"error"}
{"level":"error"}
{"level":"error"}
{"level":"error"}
{"level":"error"}
{"level":"error"}
{"level":"error"}
{"level":"error"}
{"level":"error"}
{"level":"error"}
{"level":"error"}
{"level":"error"}
{"level":"error"}
{"level":"error"}
{"level":"error"}
{"level":"error"}
{"level":"error"}
{"level":"error"}
{"level":"error"}
{"level":"error"}
{"level":"error"}
{"level":"error"}
{"level":"error"}
{"level":"error"}
{"level":"error"}
{"level":"error"}
{"level":"error"}
{"level":"error"}
{"level":"error"}
{"level":"error"}
{"level":"error"}
{"level":"error"}
{"level":"error"}
{"level":"error"}
{"level":"error"}
{"level":"error"}
{"level":"error"}
{"level":"error"}
{"level":"error"}
{"level":"error"}
{"level":"error"}
{"level":"error"}
{"level":"error"}
{"level":"error"}
{"level":"error"}
{"level":"error"}
{"level":"error"}
{"level":"error"}
{"level":"error"}
{"level":"error"}
{"level":"error"}
{"level":"error"}
{"level":"error"}
{"level":"error"}
{"level":"error"}
{"level":"error"}
{"level":"error"}
{"level":"error"}
{"level":"error"}
{"level":"error"}
{"level":"error"}
{"level":"error"}
{"level":"error"}
{"level":"error"}
{"level":"error"}
{"level":"info","message":"step: 0"}
{"level":"info","message":"크롤링 페이지 수: 1개"}
{"level":"info","message":"경과 시간: 7.337초"}
{"level":"info","message":"step: 1"}
{"level":"info","message":"크롤링 페이지 수: 1개"}
{"level":"info","message":"경과 시간: 5.548초"}
{"level":"info","message":"step: 2"}
{"level":"info","message":"크롤링 페이지 수: 1개"}
{"level":"info","message":"경과 시간: 4.729초"}
{"level":"info","message":"step: 3"}
{"level":"info","message":"크롤링 페이지 수: 1개"}
{"level":"info","message":"경과 시간: 4.852초"}
{"level":"info","message":"step: 4"}
{"level":"info","message":"크롤링 페이지 수: 1개"}
{"level":"info","message":"경과 시간: 4.886초"}
{"level":"info","message":"step: 5"}
{"level":"info","message":"크롤링 페이지 수: 1개"}
{"level":"info","message":"경과 시간: 4.844초"}
{"level":"info","message":"step: 6"}
{"level":"info","message":"크롤링 페이지 수: 1개"}
{"level":"info","message":"경과 시간: 4.796초"}
{"level":"info","message":"step: 7"}
{"level":"info","message":"크롤링 페이지 수: 1개"}
{"level":"info","message":"경과 시간: 5.12초"}
{"level":"info","message":"step: 8"}
{"level":"info","message":"크롤링 페이지 수: 1개"}
{"level":"info","message":"경과 시간: 4.858초"}
{"level":"info","message":"step: 9"}
{"level":"info","message":"크롤링 페이지 수: 1개"}
{"level":"info","message":"경과 시간: 5.391초"}
{"level":"info","message":"step: 10"}
{"level":"info","message":"크롤링 페이지 수: 1개"}
{"level":"info","message":"경과 시간: 5.131초"}
{"level":"info","message":"step: 11"}
{"level":"info","message":"크롤링 페이지 수: 1개"}
{"level":"info","message":"경과 시간: 4.849초"}
{"level":"info","message":"step: 12"}
{"level":"info","message":"크롤링 페이지 수: 1개"}
{"level":"info","message":"경과 시간: 6.198초"}
{"level":"info","message":"step: 13"}
{"level":"info","message":"크롤링 페이지 수: 1개"}
{"level":"info","message":"경과 시간: 5.257초"}
{"level":"info","message":"step: 14"}
{"level":"info","message":"크롤링 페이지 수: 1개"}
{"level":"info","message":"경과 시간: 5.121초"}
{"level":"info","message":"step: 15"}
{"level":"info","message":"크롤링 페이지 수: 1개"}
{"level":"info","message":"경과 시간: 5.682초"}
{"level":"info","message":"step: 16"}
{"level":"info","message":"크롤링 페이지 수: 1개"}
